[    1615ms] [INFO] %cDownload the React DevTools for a better development experience: https://react.dev/link/react-devtools font-weight:bold @ http://localhost:3002/_next/static/chunks/0za~_next_dist_0flbukq._.js:2431
[    1731ms] [LOG] [HMR] connected @ http://localhost:3002/_next/static/chunks/0za~_next_dist_0flbukq._.js:2431
[    1905ms] [LOG] [Fast Refresh] rebuilding @ http://localhost:3002/_next/static/chunks/0za~_next_dist_0flbukq._.js:2431
[    1915ms] [LOG] [Fast Refresh] done in 111ms @ http://localhost:3002/_next/static/chunks/0za~_next_dist_0flbukq._.js:2431
[    2514ms] [LOG] [Fast Refresh] rebuilding @ http://localhost:3002/_next/static/chunks/0za~_next_dist_0flbukq._.js:2431
[    9425ms] [LOG] [Fast Refresh] done in 7011ms @ http://localhost:3002/_next/static/chunks/0za~_next_dist_0flbukq._.js:2431
[   15881ms] [LOG] [Fast Refresh] rebuilding @ http://localhost:3002/_next/static/chunks/0za~_next_dist_0flbukq._.js:2431
[   15975ms] [LOG] [Fast Refresh] done in 195ms @ http://localhost:3002/_next/static/chunks/0za~_next_dist_0flbukq._.js:2431
[   16468ms] [ERROR] Failed to load resource: the server responded with a status of 401 (Unauthorized) @ http://localhost:3002/api/auth/login:0
[   20243ms] [LOG] [Fast Refresh] rebuilding @ http://localhost:3002/_next/static/chunks/0za~_next_dist_0flbukq._.js:2431
[   20262ms] [LOG] [Fast Refresh] done in 119ms @ http://localhost:3002/_next/static/chunks/0za~_next_dist_0flbukq._.js:2431
[   21592ms] [INFO] %cDownload the React DevTools for a better development experience: https://react.dev/link/react-devtools font-weight:bold @ http://localhost:3002/_next/static/chunks/0za~_next_dist_0flbukq._.js:2431
[   21619ms] [LOG] [HMR] connected @ http://localhost:3002/_next/static/chunks/0za~_next_dist_0flbukq._.js:2431
[   21763ms] [LOG] [Fast Refresh] rebuilding @ http://localhost:3002/_next/static/chunks/0za~_next_dist_0flbukq._.js:2431
[   21774ms] [LOG] [Fast Refresh] done in 131ms @ http://localhost:3002/_next/static/chunks/0za~_next_dist_0flbukq._.js:2431
[   40891ms] [LOG] [Fast Refresh] rebuilding @ http://localhost:3002/_next/static/chunks/0za~_next_dist_0flbukq._.js:2431
[   43938ms] [LOG] [Fast Refresh] done in 3147ms @ http://localhost:3002/_next/static/chunks/0za~_next_dist_0flbukq._.js:2431
[   44339ms] [LOG] [Fast Refresh] rebuilding @ http://localhost:3002/_next/static/chunks/0za~_next_dist_0flbukq._.js:2431
[   44515ms] [LOG] [Fast Refresh] done in 276ms @ http://localhost:3002/_next/static/chunks/0za~_next_dist_0flbukq._.js:2431
[   44635ms] [VERBOSE] [DOM] Password field is not contained in a form: (More info: https://goo.gl/9p2vKq) @ http://localhost:3002/admin/mail/migrator:0
[   44635ms] [VERBOSE] [DOM] Password field is not contained in a form: (More info: https://goo.gl/9p2vKq) @ http://localhost:3002/admin/mail/migrator:0
[   63958ms] [LOG] [Fast Refresh] rebuilding @ http://localhost:3002/_next/static/chunks/0za~_next_dist_0flbukq._.js:2431
[   64052ms] [LOG] [Fast Refresh] done in 196ms @ http://localhost:3002/_next/static/chunks/0za~_next_dist_0flbukq._.js:2431
[ 1308465ms] [LOG] [Fast Refresh] rebuilding @ http://localhost:3002/_next/static/chunks/0za~_next_dist_0flbukq._.js:2431
[ 1308502ms] [LOG] [Fast Refresh] done in 139ms @ http://localhost:3002/_next/static/chunks/0za~_next_dist_0flbukq._.js:2431
[ 1308528ms] [ERROR] Failed to load resource: the server responded with a status of 401 (Unauthorized) @ http://localhost:3002/api/admin/mail/migrator/config:0
[ 1311364ms] [ERROR] Failed to load resource: the server responded with a status of 401 (Unauthorized) @ http://localhost:3002/api/admin/mail/migrator/config:0
[ 1313525ms] [LOG] [Fast Refresh] rebuilding @ http://localhost:3002/_next/static/chunks/0za~_next_dist_0flbukq._.js:2431
[ 1314883ms] [LOG] [Fast Refresh] done in 1459ms @ http://localhost:3002/_next/static/chunks/0za~_next_dist_0flbukq._.js:2431
[ 1314887ms] [ERROR] Failed to load resource: the server responded with a status of 401 (Unauthorized) @ http://localhost:3002/api/admin/mail/migrator/run:0
[ 1320311ms] [LOG] [Fast Refresh] rebuilding @ http://localhost:3002/_next/static/chunks/0za~_next_dist_0flbukq._.js:2431
[ 1320321ms] [LOG] [Fast Refresh] done in 111ms @ http://localhost:3002/_next/static/chunks/0za~_next_dist_0flbukq._.js:2431
[ 1321293ms] [INFO] %cDownload the React DevTools for a better development experience: https://react.dev/link/react-devtools font-weight:bold @ http://localhost:3002/_next/static/chunks/0za~_next_dist_0flbukq._.js:2431
[ 1321321ms] [LOG] [HMR] connected @ http://localhost:3002/_next/static/chunks/0za~_next_dist_0flbukq._.js:2431
[ 1323874ms] [LOG] [Fast Refresh] rebuilding @ http://localhost:3002/_next/static/chunks/0za~_next_dist_0flbukq._.js:2431
[ 1323971ms] [LOG] [Fast Refresh] done in 197ms @ http://localhost:3002/_next/static/chunks/0za~_next_dist_0flbukq._.js:2431
[ 1324078ms] [VERBOSE] [DOM] Password field is not contained in a form: (More info: https://goo.gl/9p2vKq) %o @ http://localhost:3002/admin/mail:0
[ 1325270ms] [VERBOSE] [DOM] Password field is not contained in a form: (More info: https://goo.gl/9p2vKq) @ http://localhost:3002/admin/mail/migrator:0
[ 1325270ms] [VERBOSE] [DOM] Password field is not contained in a form: (More info: https://goo.gl/9p2vKq) @ http://localhost:3002/admin/mail/migrator:0
[ 1352910ms] [LOG] [Fast Refresh] rebuilding @ http://localhost:3002/_next/static/chunks/0za~_next_dist_0flbukq._.js:2431
[ 1353576ms] [LOG] [Fast Refresh] done in 767ms @ http://localhost:3002/_next/static/chunks/0za~_next_dist_0flbukq._.js:2431
[ 1360714ms] [LOG] [Fast Refresh] rebuilding @ http://localhost:3002/_next/static/chunks/0za~_next_dist_0flbukq._.js:2431
[ 1360837ms] [LOG] [Fast Refresh] done in 224ms @ http://localhost:3002/_next/static/chunks/0za~_next_dist_0flbukq._.js:2431
[ 1430093ms] [LOG] [Fast Refresh] rebuilding @ http://localhost:3002/_next/static/chunks/0za~_next_dist_0flbukq._.js:2431
[ 1436616ms] [LOG] [Fast Refresh] done in 6625ms @ http://localhost:3002/_next/static/chunks/0za~_next_dist_0flbukq._.js:2431
[ 1439743ms] [LOG] [Fast Refresh] rebuilding @ http://localhost:3002/_next/static/chunks/0za~_next_dist_0flbukq._.js:2431
[ 1439771ms] [LOG] [Fast Refresh] done in 135ms @ http://localhost:3002/_next/static/chunks/0za~_next_dist_0flbukq._.js:2431
[ 1445952ms] [LOG] [Fast Refresh] rebuilding @ http://localhost:3002/_next/static/chunks/0za~_next_dist_0flbukq._.js:2431
[ 1446044ms] [LOG] [Fast Refresh] done in 193ms @ http://localhost:3002/_next/static/chunks/0za~_next_dist_0flbukq._.js:2431
[ 1451191ms] [ERROR] Failed to load resource: the server responded with a status of 500 (Internal Server Error) @ http://localhost:3002/api/admin/profiles:0
[ 1451650ms] [ERROR] Failed to load resource: the server responded with a status of 500 (Internal Server Error) @ http://localhost:3002/api/admin/profiles:0
[ 1457315ms] [ERROR] Failed to load resource: the server responded with a status of 500 (Internal Server Error) @ http://localhost:3002/api/admin/profiles:0
[ 1457880ms] [ERROR] Failed to load resource: the server responded with a status of 500 (Internal Server Error) @ http://localhost:3002/api/admin/profiles:0
[ 1461678ms] [ERROR] Failed to load resource: the server responded with a status of 500 (Internal Server Error) @ http://localhost:3002/api/admin/ai/conversations:0
[ 1463374ms] [ERROR] Failed to load resource: the server responded with a status of 500 (Internal Server Error) @ http://localhost:3002/api/admin/profiles:0
[ 1463821ms] [ERROR] Failed to load resource: the server responded with a status of 500 (Internal Server Error) @ http://localhost:3002/api/admin/profiles:0
[ 1465230ms] [ERROR] Failed to load resource: the server responded with a status of 500 (Internal Server Error) @ http://localhost:3002/api/admin/ai/conversations:0
[ 1471464ms] [ERROR] Failed to load resource: the server responded with a status of 500 (Internal Server Error) @ http://localhost:3002/api/admin/ai/conversations:0
[ 1476070ms] [LOG] [Fast Refresh] rebuilding @ http://localhost:3002/_next/static/chunks/0za~_next_dist_0flbukq._.js:2431
[ 1476108ms] [LOG] [Fast Refresh] done in 141ms @ http://localhost:3002/_next/static/chunks/0za~_next_dist_0flbukq._.js:2431
[ 1483584ms] [LOG] [Fast Refresh] rebuilding @ http://localhost:3002/_next/static/chunks/0za~_next_dist_0flbukq._.js:2431
[ 1483635ms] [LOG] [Fast Refresh] done in 153ms @ http://localhost:3002/_next/static/chunks/0za~_next_dist_0flbukq._.js:2431
[ 1593658ms] [LOG] [Fast Refresh] rebuilding @ http://localhost:3002/_next/static/chunks/0za~_next_dist_0flbukq._.js:2431
[ 1593767ms] [LOG] [Fast Refresh] done in 208ms @ http://localhost:3002/_next/static/chunks/0za~_next_dist_0flbukq._.js:2431
